<?xml version="1.0" encoding="UTF-8"?>
<testsuite name="com.example.affirmations.ExampleUnitTest" tests="1" skipped="0" failures="0" errors="0" timestamp="2023-09-27T06:47:41" hostname="DESKTOP-5LICUD6" time="1.143">
  <properties/>
  <testcase name="testGetItemId" classname="com.example.affirmations.ExampleUnitTest" time="1.143"/>
  <system-out><![CDATA[]]></system-out>
  <system-err><![CDATA[]]></system-err>
</testsuite>
